<?xml version="1.0" encoding="UTF-8"?>
<robot generator="Robot 7.3.2 (Python 3.13.7 on win32)" generated="2026-02-27T09:00:30.551371" rpa="false" schemaversion="5">
<suite id="s1" name="Test Api" source="C:\Users\daria\Documents\2_anee\c++\wizz_mania\WizzMania\tests\test_api.robot">
<test id="s1-t1" name="Test Ping Endpoint" line="12">
<kw name="GET" owner="RequestsLibrary">
<msg time="2026-02-27T09:00:33.391407" level="INFO">GET Request : url=http://127.0.0.1:18080/ping 
 path_url=/ping 
 headers={'User-Agent': 'python-requests/2.32.5', 'Accept-Encoding': 'gzip, deflate', 'Accept': '*/*', 'Connection': 'keep-alive'} 
 body=None 
 </msg>
<msg time="2026-02-27T09:00:33.397854" level="INFO">GET Response : url=http://127.0.0.1:18080/ping 
 status=200, reason=OK 
 headers={'Content-Length': '4', 'Server': 'Crow/master', 'Connection': 'Keep-Alive'} 
 body=pong 
 </msg>
<msg time="2026-02-27T09:00:33.398100" level="INFO">${response} = &lt;Response [200]&gt;</msg>
<var>${response}</var>
<arg>${BASE_URL}/ping</arg>
<doc>Sends a GET request.</doc>
<status status="PASS" start="2026-02-27T09:00:33.382437" elapsed="0.015700"/>
</kw>
<kw name="Status Should Be" owner="RequestsLibrary">
<arg>200</arg>
<doc>Fails if response status code is different than the expected.</doc>
<status status="PASS" start="2026-02-27T09:00:33.398553" elapsed="0.000191"/>
</kw>
<kw name="Should Be Equal" owner="BuiltIn">
<arg>${response.text}</arg>
<arg>pong</arg>
<doc>Fails if the given objects are unequal.</doc>
<status status="PASS" start="2026-02-27T09:00:33.399004" elapsed="0.000651"/>
</kw>
<doc>To verify basic connection</doc>
<status status="PASS" start="2026-02-27T09:00:33.381294" elapsed="0.018649"/>
</test>
<test id="s1-t2" name="Test Chat Endpoint" line="18">
<kw name="GET" owner="RequestsLibrary">
<msg time="2026-02-27T09:00:33.406380" level="INFO">GET Request : url=http://127.0.0.1:18080/chat 
 path_url=/chat 
 headers={'User-Agent': 'python-requests/2.32.5', 'Accept-Encoding': 'gzip, deflate', 'Accept': '*/*', 'Connection': 'keep-alive'} 
 body=None 
 </msg>
<msg time="2026-02-27T09:00:33.407571" level="INFO">GET Response : url=http://127.0.0.1:18080/chat 
 status=200, reason=OK 
 headers={'Content-Length': '19', 'Server': 'Crow/master', 'Connection': 'Keep-Alive'} 
 body=Le chat dit: miaou! 
 </msg>
<msg time="2026-02-27T09:00:33.407814" level="INFO">${response} = &lt;Response [200]&gt;</msg>
<var>${response}</var>
<arg>${BASE_URL}/chat</arg>
<doc>Sends a GET request.</doc>
<status status="PASS" start="2026-02-27T09:00:33.403212" elapsed="0.004637"/>
</kw>
<kw name="Status Should Be" owner="RequestsLibrary">
<arg>200</arg>
<doc>Fails if response status code is different than the expected.</doc>
<status status="PASS" start="2026-02-27T09:00:33.408203" elapsed="0.000144"/>
</kw>
<kw name="Should Contain" owner="BuiltIn">
<arg>${response.text}</arg>
<arg>miaou</arg>
<doc>Fails if ``container`` does not contain ``item`` one or more times.</doc>
<status status="PASS" start="2026-02-27T09:00:33.408586" elapsed="0.000543"/>
</kw>
<doc>To verify chat endpoint</doc>
<status status="PASS" start="2026-02-27T09:00:33.402582" elapsed="0.006805"/>
</test>
<test id="s1-t3" name="Test Register User" line="24">
<kw name="Create Dictionary" owner="BuiltIn">
<msg time="2026-02-27T09:00:33.410844" level="INFO">&amp;{data} = { username=testuser_robot | password=test123 }</msg>
<var>&amp;{data}</var>
<arg>username=${USERNAME}</arg>
<arg>password=${PASSWORD}</arg>
<doc>Creates and returns a dictionary based on the given ``items``.</doc>
<status status="PASS" start="2026-02-27T09:00:33.410449" elapsed="0.000430"/>
</kw>
<kw name="POST" owner="RequestsLibrary">
<msg time="2026-02-27T09:00:33.414139" level="INFO">POST Request : url=http://127.0.0.1:18080/register 
 path_url=/register 
 headers={'User-Agent': 'python-requests/2.32.5', 'Accept-Encoding': 'gzip, deflate', 'Accept': '*/*', 'Connection': 'keep-alive', 'Content-Length': '40', 'Content-Type': 'application/x-www-form-urlencoded'} 
 body=username=testuser_robot&amp;password=test123 
 </msg>
<msg time="2026-02-27T09:00:33.414529" level="INFO">POST Response : url=http://127.0.0.1:18080/register 
 status=404, reason=Not Found 
 headers={'Content-Length': '15', 'Server': 'Crow/master', 'Connection': 'Keep-Alive'} 
 body=404 Not Found
 
 </msg>
<msg time="2026-02-27T09:00:33.414896" level="FAIL">HTTPError: 404 Client Error: Not Found for url: http://127.0.0.1:18080/register</msg>
<var>${response}</var>
<arg>${BASE_URL}/register</arg>
<arg>data=${data}</arg>
<doc>Sends a POST request.</doc>
<status status="FAIL" start="2026-02-27T09:00:33.411133" elapsed="0.009783">HTTPError: 404 Client Error: Not Found for url: http://127.0.0.1:18080/register</status>
</kw>
<kw name="Status Should Be" owner="RequestsLibrary">
<arg>200</arg>
<doc>Fails if response status code is different than the expected.</doc>
<status status="NOT RUN" start="2026-02-27T09:00:33.421385" elapsed="0.000035"/>
</kw>
<kw name="Log" owner="BuiltIn">
<arg>Response: ${response.text}</arg>
<doc>Logs the given message with the given level.</doc>
<status status="NOT RUN" start="2026-02-27T09:00:33.421621" elapsed="0.000021"/>
</kw>
<doc>Registration testing</doc>
<status status="FAIL" start="2026-02-27T09:00:33.410032" elapsed="0.011860">HTTPError: 404 Client Error: Not Found for url: http://127.0.0.1:18080/register</status>
</test>
<status status="FAIL" start="2026-02-27T09:00:30.553912" elapsed="2.868596"/>
</suite>
<statistics>
<total>
<stat pass="2" fail="1" skip="0">All Tests</stat>
</total>
<tag>
</tag>
<suite>
<stat name="Test Api" id="s1" pass="2" fail="1" skip="0">Test Api</stat>
</suite>
</statistics>
<errors>
</errors>
</robot>
